============================= test session starts ==============================
platform linux -- Python 3.13.14, pytest-9.0.3, pluggy-1.6.0 -- /usr/local/bin/python3
cachedir: .pytest_cache
rootdir: /home/user/xr-browser
plugins: anyio-4.14.2
collecting ... collected 55 items

tools/tests/test_check_threat_model.py::test_real_repo_passes PASSED     [  1%]
tools/tests/test_check_threat_model.py::test_valid_synthetic_passes PASSED [  3%]
tools/tests/test_check_threat_model.py::test_empty_honesty_cell_fails PASSED [  5%]
tools/tests/test_check_threat_model.py::test_missing_adversary_row_fails PASSED [  7%]
tools/tests/test_check_threat_model.py::test_wrong_plan_sha_fails PASSED [  9%]
tools/tests/test_check_threat_model.py::test_out_of_scope_must_name_t8_t9 PASSED [ 10%]
tools/tests/test_check_threat_model.py::test_too_few_invariants_fails PASSED [ 12%]
tools/tests/test_dco_check.py::test_real_repo_all_signed PASSED          [ 14%]
tools/tests/test_dco_check.py::test_unsigned_commit_fails PASSED         [ 16%]
tools/tests/test_dco_check.py::test_range_scoping PASSED                 [ 18%]
tools/tests/test_dco_check.py::test_signoff_email_mismatch_fails PASSED  [ 20%]
tools/tests/test_dco_check.py::test_json_failure_listing PASSED          [ 21%]
tools/tests/test_dr_parse.py::test_valid_register_passes PASSED          [ 23%]
tools/tests/test_dr_parse.py::test_bad_enum_fails PASSED                 [ 25%]
tools/tests/test_dr_parse.py::test_missing_and_duplicate_ids_fail PASSED [ 27%]
tools/tests/test_dr_parse.py::test_malformed_yaml_fails_closed PASSED    [ 29%]
tools/tests/test_dr_parse.py::test_trailer_required_on_register_commits PASSED [ 30%]
tools/tests/test_dr_parse.py::test_json_output PASSED                    [ 32%]
tools/tests/test_license_audit.py::test_real_repo_passes PASSED          [ 34%]
tools/tests/test_license_audit.py::test_tampered_license_fails PASSED    [ 36%]
tools/tests/test_license_audit.py::test_injected_gpl_sample_in_code_fails PASSED [ 38%]
tools/tests/test_license_audit.py::test_copyleft_in_vendor_dir_fails_even_without_ext PASSED [ 40%]
tools/tests/test_license_audit.py::test_unallowlisted_doc_hit_fails PASSED [ 41%]
tools/tests/test_license_audit.py::test_allowlisted_doc_hit_passes PASSED [ 43%]
tools/tests/test_license_audit.py::test_allowlist_entry_without_justification_fails PASSED [ 45%]
tools/tests/test_license_audit.py::test_missing_allowlist_fails_closed PASSED [ 47%]
tools/tests/test_owners_sync.py::test_check_fails_when_codeowners_missing PASSED [ 49%]
tools/tests/test_owners_sync.py::test_write_then_check_in_sync PASSED    [ 50%]
tools/tests/test_owners_sync.py::test_check_detects_drift PASSED         [ 52%]
tools/tests/test_owners_sync.py::test_duplicate_path_fails_closed PASSED [ 54%]
tools/tests/test_owners_sync.py::test_json_output PASSED                 [ 56%]
tools/tests/test_plan_pin_check.py::test_real_repo_pin_passes PASSED     [ 58%]
tools/tests/test_plan_pin_check.py::test_tampered_plan_fails PASSED      [ 60%]
tools/tests/test_plan_pin_check.py::test_compare_against_independent_copy PASSED [ 61%]
tools/tests/test_plan_pin_check.py::test_missing_pin_file_fails PASSED   [ 63%]
tools/tests/test_plan_pin_check.py::test_bad_pin_format_fails PASSED     [ 65%]
tools/tests/test_registry_lint.py::test_write_then_check_passes PASSED   [ 67%]
tools/tests/test_registry_lint.py::test_field_tamper_fails PASSED        [ 69%]
tools/tests/test_registry_lint.py::test_row_deletion_fails PASSED        [ 70%]
tools/tests/test_registry_lint.py::test_counts_tamper_fails PASSED       [ 72%]
tools/tests/test_registry_lint.py::test_reserved_tamper_fails PASSED     [ 74%]
tools/tests/test_registry_lint.py::test_missing_registry_fails PASSED    [ 76%]
tools/tests/test_registry_lint.py::test_missing_pin_fails_closed PASSED  [ 78%]
tools/tests/test_registry_lint.py::test_malformed_row_fails_parse PASSED [ 80%]
tools/tests/test_registry_lint.py::test_real_repo_registry_is_in_sync PASSED [ 81%]
tools/tests/test_registry_lint.py::test_real_repo_gen_check_no_drift PASSED [ 83%]
tools/tests/test_vocab_lint.py::test_real_repo_passes_all_allowlisted PASSED [ 85%]
tools/tests/test_vocab_lint.py::test_banned_word_fails PASSED            [ 87%]
tools/tests/test_vocab_lint.py::test_allowlist_entry_suppresses PASSED   [ 89%]
tools/tests/test_vocab_lint.py::test_allowlist_wrong_line_does_not_suppress PASSED [ 90%]
tools/tests/test_vocab_lint.py::test_allowlist_missing_justification_fails PASSED [ 92%]
tools/tests/test_vocab_lint.py::test_score_and_percent_variants PASSED   [ 94%]
tools/tests/test_vocab_lint.py::test_military_grade_spelling_variants PASSED [ 96%]
tools/tests/test_vocab_lint.py::test_suggest_lists_hits PASSED           [ 98%]
tools/tests/test_vocab_lint.py::test_no_anonymity_false_positive PASSED  [100%]

============================== 55 passed in 5.24s ==============================
